0 verbose cli C:\Program Files\nodejs\node.exe C:\Program Files\nodejs\node_modules\npm\bin\npm-cli.js
1 info using npm@10.9.2
2 info using node@v23.5.0
3 silly config load:file:C:\Program Files\nodejs\node_modules\npm\npmrc
4 silly config load:file:C:\Users\piruj\Local Sites\async-await-practice\.npmrc
5 silly config load:file:C:\Users\piruj\.npmrc
6 silly config load:file:C:\Users\piruj\AppData\Roaming\npm\etc\npmrc
7 verbose title npm init
8 verbose argv "init" "--yes"
9 verbose logfile logs-max:10 dir:C:\Users\piruj\Local Sites\async-await-practice\tempnpm-cache\_logs\2025-04-12T15_09_13_520Z-
10 verbose logfile C:\Users\piruj\Local Sites\async-await-practice\tempnpm-cache\_logs\2025-04-12T15_09_13_520Z-debug-0.log
11 silly logfile done cleaning log files
12 silly package data {
12 silly package data   name: 'async-await-practice',
12 silly package data   version: '1.0.0',
12 silly package data   main: 'index.js',
12 silly package data   scripts: { test: 'echo "Error: no test specified" && exit 1' },
12 silly package data   repository: {
12 silly package data     type: 'git',
12 silly package data     url: 'git+https://github.com/PatriciaAlEs/async-await-practice.git'
12 silly package data   },
12 silly package data   keywords: [],
12 silly package data   author: '',
12 silly package data   license: 'ISC',
12 silly package data   bugs: {
12 silly package data     url: 'https://github.com/PatriciaAlEs/async-await-practice/issues'
12 silly package data   },
12 silly package data   homepage: 'https://github.com/PatriciaAlEs/async-await-practice#readme',
12 silly package data   description: ''
12 silly package data }
13 verbose cwd C:\Users\piruj\Local Sites\async-await-practice
14 verbose os Windows_NT 10.0.26100
15 verbose node v23.5.0
16 verbose npm  v10.9.2
17 verbose exit 0
18 info ok
