0 verbose cli C:\Program Files\nodejs\node.exe C:\Program Files\nodejs\node_modules\npm\bin\npm-cli.js
1 info using npm@10.9.2
2 info using node@v23.5.0
3 silly config load:file:C:\Program Files\nodejs\node_modules\npm\npmrc
4 silly config load:file:C:\Users\piruj\Local Sites\async-await-practice\.npmrc
5 silly config load:file:C:\Users\piruj\.npmrc
6 silly config load:file:C:\Users\piruj\AppData\Roaming\npm\etc\npmrc
7 verbose title npm install react react-dom
8 verbose argv "install" "react" "react-dom"
9 verbose logfile logs-max:10 dir:C:\Users\piruj\Local Sites\async-await-practice\tempnpm-cache\_logs\2025-04-12T15_09_24_193Z-
10 verbose logfile C:\Users\piruj\Local Sites\async-await-practice\tempnpm-cache\_logs\2025-04-12T15_09_24_193Z-debug-0.log
11 silly logfile done cleaning log files
12 silly packumentCache heap:4345298944 maxSize:1086324736 maxEntrySize:543162368
13 silly idealTree buildDeps
14 silly fetch manifest react@*
15 silly packumentCache full:https://registry.npmjs.org/react cache-miss
16 http fetch GET 200 https://registry.npmjs.org/react 249ms (cache miss)
17 silly packumentCache full:https://registry.npmjs.org/react set size:undefined disposed:false
18 silly fetch manifest react-dom@*
19 silly packumentCache full:https://registry.npmjs.org/react-dom cache-miss
20 http fetch GET 200 https://registry.npmjs.org/react-dom 192ms (cache miss)
21 silly packumentCache full:https://registry.npmjs.org/react-dom set size:undefined disposed:false
22 silly placeDep ROOT react@19.1.0 OK for: async-await-practice@1.0.0 want: *
23 silly placeDep ROOT react-dom@19.1.0 OK for: async-await-practice@1.0.0 want: *
24 silly fetch manifest scheduler@^0.26.0
25 silly packumentCache full:https://registry.npmjs.org/scheduler cache-miss
26 http fetch GET 200 https://registry.npmjs.org/scheduler 111ms (cache miss)
27 silly packumentCache full:https://registry.npmjs.org/scheduler set size:undefined disposed:false
28 silly placeDep ROOT scheduler@0.26.0 OK for: react-dom@19.1.0 want: ^0.26.0
29 silly reify moves {}
30 silly audit bulk request {
30 silly audit   react: [ '19.1.0' ],
30 silly audit   'react-dom': [ '19.1.0' ],
30 silly audit   scheduler: [ '0.26.0' ]
30 silly audit }
31 http cache scheduler@https://registry.npmjs.org/scheduler/-/scheduler-0.26.0.tgz 1ms (cache hit)
32 silly tarball no local data for scheduler@https://registry.npmjs.org/scheduler/-/scheduler-0.26.0.tgz. Extracting by manifest.
33 http cache react-dom@https://registry.npmjs.org/react-dom/-/react-dom-19.1.0.tgz 0ms (cache hit)
34 http cache react@https://registry.npmjs.org/react/-/react-19.1.0.tgz 0ms (cache hit)
35 silly tarball no local data for react-dom@https://registry.npmjs.org/react-dom/-/react-dom-19.1.0.tgz. Extracting by manifest.
36 silly tarball no local data for react@https://registry.npmjs.org/react/-/react-19.1.0.tgz. Extracting by manifest.
37 http fetch GET 200 https://registry.npmjs.org/scheduler/-/scheduler-0.26.0.tgz 154ms (cache miss)
38 http fetch GET 200 https://registry.npmjs.org/react/-/react-19.1.0.tgz 175ms (cache miss)
39 http fetch POST 200 https://registry.npmjs.org/-/npm/v1/security/advisories/bulk 245ms
40 silly audit report {}
41 http fetch GET 200 https://registry.npmjs.org/react-dom/-/react-dom-19.1.0.tgz 295ms (cache miss)
42 silly ADD node_modules/scheduler
43 silly ADD node_modules/react-dom
44 silly ADD node_modules/react
45 verbose cwd C:\Users\piruj\Local Sites\async-await-practice
46 verbose os Windows_NT 10.0.26100
47 verbose node v23.5.0
48 verbose npm  v10.9.2
49 verbose exit 0
50 info ok
